This is pdfTeX, Version 3.141592653-2.6-1.40.27 (MiKTeX 25.2) (preloaded format=pdflatex 2025.4.17)  20 APR 2025 20:47
entering extended mode
 restricted \write18 enabled.
 %&-line parsing enabled.
**./IA_Retention_Final_Corrige.tex
(IA_Retention_Final_Corrige.tex
LaTeX2e <2024-11-01> patch level 2
L3 programming layer <2025-01-18>
(C:\Users\dcoly\AppData\Local\Programs\MiKTeX\tex/latex/base\article.cls
Document Class: article 2024/06/29 v1.4n Standard LaTeX document class
(C:\Users\dcoly\AppData\Local\Programs\MiKTeX\tex/latex/base\size12.clo
File: size12.clo 2024/06/29 v1.4n Standard LaTeX file (size option)
)
\c@part=\count196
\c@section=\count197
\c@subsection=\count198
\c@subsubsection=\count199
\c@paragraph=\count266
\c@subparagraph=\count267
\c@figure=\count268
\c@table=\count269
\abovecaptionskip=\skip49
\belowcaptionskip=\skip50
\bibindent=\dimen141
)
(C:\Users\dcoly\AppData\Local\Programs\MiKTeX\tex/latex/base\inputenc.sty
Package: inputenc 2024/02/08 v1.3d Input encoding file
\inpenc@prehook=\toks17
\inpenc@posthook=\toks18
)
(C:\Users\dcoly\AppData\Local\Programs\MiKTeX\tex/latex/base\fontenc.sty
Package: fontenc 2021/04/29 v2.0v Standard LaTeX package
)
(C:\Users\dcoly\AppData\Local\Programs\MiKTeX\tex/generic/babel\babel.sty
Package: babel 2025/02/14 v25.4 The multilingual framework for pdfLaTeX, LuaLaT
eX and XeLaTeX
\babel@savecnt=\count270
\U@D=\dimen142
\l@unhyphenated=\language79

(C:\Users\dcoly\AppData\Local\Programs\MiKTeX\tex/generic/babel\txtbabel.def)
\bbl@readstream=\read2
\bbl@dirlevel=\count271

*************************************
* Local config file bblopts.cfg used
*
(C:\Users\dcoly\AppData\Local\Programs\MiKTeX\tex/latex/arabi\bblopts.cfg
File: bblopts.cfg 2005/09/08 v0.1 add Arabic and Farsi to "declared" options of
 babel
)
(C:\Users\dcoly\AppData\Local\Programs\MiKTeX\tex/generic/babel-french\french.l
df
Language: french 2024-07-25 v3.6c French support from the babel system
Package babel Info: Hyphen rules for 'acadian' set to \l@french
(babel)             (\language22). Reported on input line 91.
Package babel Info: Hyphen rules for 'canadien' set to \l@french
(babel)             (\language22). Reported on input line 92.
\FB@stdchar=\count272
Package babel Info: Making : an active character on input line 421.
Package babel Info: Making ; an active character on input line 422.
Package babel Info: Making ! an active character on input line 423.
Package babel Info: Making ? an active character on input line 424.
\FBguill@level=\count273
\FBold@everypar=\toks19
\FB@Mht=\dimen143
\mc@charclass=\count274
\mc@charfam=\count275
\mc@charslot=\count276
\std@mcc=\count277
\dec@mcc=\count278
\FB@parskip=\dimen144
\listindentFB=\dimen145
\descindentFB=\dimen146
\labelindentFB=\dimen147
\labelwidthFB=\dimen148
\leftmarginFB=\dimen149
\parindentFFN=\dimen150
\FBfnindent=\dimen151
))
(C:\Users\dcoly\AppData\Local\Programs\MiKTeX\tex/generic/babel/locale/fr\babel
-french.tex
Package babel Info: Importing font and identification data for french
(babel)             from babel-fr.ini. Reported on input line 11.
)
(C:\Users\dcoly\AppData\Local\Programs\MiKTeX\tex/latex/carlisle\scalefnt.sty)
(C:\Users\dcoly\AppData\Local\Programs\MiKTeX\tex/latex/amsmath\amsmath.sty
Package: amsmath 2024/11/05 v2.17t AMS math features
\@mathmargin=\skip51

For additional information on amsmath, use the `?' option.
(C:\Users\dcoly\AppData\Local\Programs\MiKTeX\tex/latex/amsmath\amstext.sty
Package: amstext 2021/08/26 v2.01 AMS text

(C:\Users\dcoly\AppData\Local\Programs\MiKTeX\tex/latex/amsmath\amsgen.sty
File: amsgen.sty 1999/11/30 v2.0 generic functions
\@emptytoks=\toks20
\ex@=\dimen152
))
(C:\Users\dcoly\AppData\Local\Programs\MiKTeX\tex/latex/amsmath\amsbsy.sty
Package: amsbsy 1999/11/29 v1.2d Bold Symbols
\pmbraise@=\dimen153
)
(C:\Users\dcoly\AppData\Local\Programs\MiKTeX\tex/latex/amsmath\amsopn.sty
Package: amsopn 2022/04/08 v2.04 operator names
)
\inf@bad=\count279
LaTeX Info: Redefining \frac on input line 233.
\uproot@=\count280
\leftroot@=\count281
LaTeX Info: Redefining \overline on input line 398.
LaTeX Info: Redefining \colon on input line 409.
\classnum@=\count282
\DOTSCASE@=\count283
LaTeX Info: Redefining \ldots on input line 495.
LaTeX Info: Redefining \dots on input line 498.
LaTeX Info: Redefining \cdots on input line 619.
\Mathstrutbox@=\box52
\strutbox@=\box53
LaTeX Info: Redefining \big on input line 721.
LaTeX Info: Redefining \Big on input line 722.
LaTeX Info: Redefining \bigg on input line 723.
LaTeX Info: Redefining \Bigg on input line 724.
\big@size=\dimen154
LaTeX Font Info:    Redeclaring font encoding OML on input line 742.
LaTeX Font Info:    Redeclaring font encoding OMS on input line 743.
\macc@depth=\count284
LaTeX Info: Redefining \bmod on input line 904.
LaTeX Info: Redefining \pmod on input line 909.
LaTeX Info: Redefining \smash on input line 939.
LaTeX Info: Redefining \relbar on input line 969.
LaTeX Info: Redefining \Relbar on input line 970.
\c@MaxMatrixCols=\count285
\dotsspace@=\muskip17
\c@parentequation=\count286
\dspbrk@lvl=\count287
\tag@help=\toks21
\row@=\count288
\column@=\count289
\maxfields@=\count290
\andhelp@=\toks22
\eqnshift@=\dimen155
\alignsep@=\dimen156
\tagshift@=\dimen157
\tagwidth@=\dimen158
\totwidth@=\dimen159
\lineht@=\dimen160
\@envbody=\toks23
\multlinegap=\skip52
\multlinetaggap=\skip53
\mathdisplay@stack=\toks24
LaTeX Info: Redefining \[ on input line 2953.
LaTeX Info: Redefining \] on input line 2954.
)
(C:\Users\dcoly\AppData\Local\Programs\MiKTeX\tex/latex/amsfonts\amssymb.sty
Package: amssymb 2013/01/14 v3.01 AMS font symbols

(C:\Users\dcoly\AppData\Local\Programs\MiKTeX\tex/latex/amsfonts\amsfonts.sty
Package: amsfonts 2013/01/14 v3.01 Basic AMSFonts support
\symAMSa=\mathgroup4
\symAMSb=\mathgroup5
LaTeX Font Info:    Redeclaring math symbol \hbar on input line 98.
LaTeX Font Info:    Overwriting math alphabet `\mathfrak' in version `bold'
(Font)                  U/euf/m/n --> U/euf/b/n on input line 106.
)) (C:\Users\dcoly\AppData\Local\Programs\MiKTeX\tex/latex/geometry\geometry.st
y
Package: geometry 2020/01/02 v5.9 Page Geometry

(C:\Users\dcoly\AppData\Local\Programs\MiKTeX\tex/latex/graphics\keyval.sty
Package: keyval 2022/05/29 v1.15 key=value parser (DPC)
\KV@toks@=\toks25
)
(C:\Users\dcoly\AppData\Local\Programs\MiKTeX\tex/generic/iftex\ifvtex.sty
Package: ifvtex 2019/10/25 v1.7 ifvtex legacy package. Use iftex instead.

(C:\Users\dcoly\AppData\Local\Programs\MiKTeX\tex/generic/iftex\iftex.sty
Package: iftex 2024/12/12 v1.0g TeX engine tests
))
\Gm@cnth=\count291
\Gm@cntv=\count292
\c@Gm@tempcnt=\count293
\Gm@bindingoffset=\dimen161
\Gm@wd@mp=\dimen162
\Gm@odd@mp=\dimen163
\Gm@even@mp=\dimen164
\Gm@layoutwidth=\dimen165
\Gm@layoutheight=\dimen166
\Gm@layouthoffset=\dimen167
\Gm@layoutvoffset=\dimen168
\Gm@dimlist=\toks26

(C:\Users\dcoly\AppData\Local\Programs\MiKTeX\tex/latex/geometry\geometry.cfg))
(C:\Users\dcoly\AppData\Local\Programs\MiKTeX\tex/latex/hyperref\hyperref.sty
Package: hyperref 2024-11-05 v7.01l Hypertext links for LaTeX

(C:\Users\dcoly\AppData\Local\Programs\MiKTeX\tex/latex/kvsetkeys\kvsetkeys.sty
Package: kvsetkeys 2022-10-05 v1.19 Key value parser (HO)
)
(C:\Users\dcoly\AppData\Local\Programs\MiKTeX\tex/generic/kvdefinekeys\kvdefine
keys.sty
Package: kvdefinekeys 2019-12-19 v1.6 Define keys (HO)
)
(C:\Users\dcoly\AppData\Local\Programs\MiKTeX\tex/generic/pdfescape\pdfescape.s
ty
Package: pdfescape 2019/12/09 v1.15 Implements pdfTeX's escape features (HO)

(C:\Users\dcoly\AppData\Local\Programs\MiKTeX\tex/generic/ltxcmds\ltxcmds.sty
Package: ltxcmds 2023-12-04 v1.26 LaTeX kernel commands for general use (HO)
)
(C:\Users\dcoly\AppData\Local\Programs\MiKTeX\tex/generic/pdftexcmds\pdftexcmds
.sty
Package: pdftexcmds 2020-06-27 v0.33 Utility functions of pdfTeX for LuaTeX (HO
)

(C:\Users\dcoly\AppData\Local\Programs\MiKTeX\tex/generic/infwarerr\infwarerr.s
ty
Package: infwarerr 2019/12/03 v1.5 Providing info/warning/error messages (HO)
)
Package pdftexcmds Info: \pdf@primitive is available.
Package pdftexcmds Info: \pdf@ifprimitive is available.
Package pdftexcmds Info: \pdfdraftmode found.
))
(C:\Users\dcoly\AppData\Local\Programs\MiKTeX\tex/latex/hycolor\hycolor.sty
Package: hycolor 2020-01-27 v1.10 Color options for hyperref/bookmark (HO)
)
(C:\Users\dcoly\AppData\Local\Programs\MiKTeX\tex/latex/hyperref\nameref.sty
Package: nameref 2023-11-26 v2.56 Cross-referencing by name of section

(C:\Users\dcoly\AppData\Local\Programs\MiKTeX\tex/latex/refcount\refcount.sty
Package: refcount 2019/12/15 v3.6 Data extraction from label references (HO)
)
(C:\Users\dcoly\AppData\Local\Programs\MiKTeX\tex/generic/gettitlestring\gettit
lestring.sty
Package: gettitlestring 2019/12/15 v1.6 Cleanup title references (HO)

(C:\Users\dcoly\AppData\Local\Programs\MiKTeX\tex/latex/kvoptions\kvoptions.sty
Package: kvoptions 2022-06-15 v3.15 Key value format for package options (HO)
))
\c@section@level=\count294
)
(C:\Users\dcoly\AppData\Local\Programs\MiKTeX\tex/latex/etoolbox\etoolbox.sty
Package: etoolbox 2025/02/11 v2.5l e-TeX tools for LaTeX (JAW)
\etb@tempcnta=\count295
)
(C:\Users\dcoly\AppData\Local\Programs\MiKTeX\tex/generic/stringenc\stringenc.s
ty
Package: stringenc 2019/11/29 v1.12 Convert strings between diff. encodings (HO
)
)
\@linkdim=\dimen169
\Hy@linkcounter=\count296
\Hy@pagecounter=\count297
 (C:\Users\dcoly\AppData\Local\Programs\MiKTeX\tex/latex/hyperref\pd1enc.def
File: pd1enc.def 2024-11-05 v7.01l Hyperref: PDFDocEncoding definition (HO)
Now handling font encoding PD1 ...
... no UTF-8 mapping file for font encoding PD1
) (C:\Users\dcoly\AppData\Local\Programs\MiKTeX\tex/generic/intcalc\intcalc.sty
Package: intcalc 2019/12/15 v1.3 Expandable calculations with integers (HO)
)
\Hy@SavedSpaceFactor=\count298
 (C:\Users\dcoly\AppData\Local\Programs\MiKTeX\tex/latex/hyperref\puenc.def
File: puenc.def 2024-11-05 v7.01l Hyperref: PDF Unicode definition (HO)
Now handling font encoding PU ...
... no UTF-8 mapping file for font encoding PU
)
Package hyperref Info: Hyper figures OFF on input line 4157.
Package hyperref Info: Link nesting OFF on input line 4162.
Package hyperref Info: Hyper index ON on input line 4165.
Package hyperref Info: Plain pages OFF on input line 4172.
Package hyperref Info: Backreferencing OFF on input line 4177.
Package hyperref Info: Implicit mode ON; LaTeX internals redefined.
Package hyperref Info: Bookmarks ON on input line 4424.
\c@Hy@tempcnt=\count299

(C:\Users\dcoly\AppData\Local\Programs\MiKTeX\tex/latex/url\url.sty
\Urlmuskip=\muskip18
Package: url 2013/09/16  ver 3.4  Verb mode for urls, etc.
)
LaTeX Info: Redefining \url on input line 4763.
\XeTeXLinkMargin=\dimen170

(C:\Users\dcoly\AppData\Local\Programs\MiKTeX\tex/generic/bitset\bitset.sty
Package: bitset 2019/12/09 v1.3 Handle bit-vector datatype (HO)

(C:\Users\dcoly\AppData\Local\Programs\MiKTeX\tex/generic/bigintcalc\bigintcalc
.sty
Package: bigintcalc 2019/12/15 v1.5 Expandable calculations on big integers (HO
)
))
\Fld@menulength=\count300
\Field@Width=\dimen171
\Fld@charsize=\dimen172
Package hyperref Info: Hyper figures OFF on input line 6042.
Package hyperref Info: Link nesting OFF on input line 6047.
Package hyperref Info: Hyper index ON on input line 6050.
Package hyperref Info: backreferencing OFF on input line 6057.
Package hyperref Info: Link coloring OFF on input line 6062.
Package hyperref Info: Link coloring with OCG OFF on input line 6067.
Package hyperref Info: PDF/A mode OFF on input line 6072.

(C:\Users\dcoly\AppData\Local\Programs\MiKTeX\tex/latex/base\atbegshi-ltx.sty
Package: atbegshi-ltx 2021/01/10 v1.0c Emulation of the original atbegshi
package with kernel methods
)
\Hy@abspage=\count301
\c@Item=\count302
\c@Hfootnote=\count303
)
Package hyperref Info: Driver (autodetected): hpdftex.
(C:\Users\dcoly\AppData\Local\Programs\MiKTeX\tex/latex/hyperref\hpdftex.def
File: hpdftex.def 2024-11-05 v7.01l Hyperref driver for pdfTeX

(C:\Users\dcoly\AppData\Local\Programs\MiKTeX\tex/latex/base\atveryend-ltx.sty
Package: atveryend-ltx 2020/08/19 v1.0a Emulation of the original atveryend pac
kage
with kernel methods
)
\Fld@listcount=\count304
\c@bookmark@seq@number=\count305

(C:\Users\dcoly\AppData\Local\Programs\MiKTeX\tex/latex/rerunfilecheck\rerunfil
echeck.sty
Package: rerunfilecheck 2022-07-10 v1.10 Rerun checks for auxiliary files (HO)

(C:\Users\dcoly\AppData\Local\Programs\MiKTeX\tex/generic/uniquecounter\uniquec
ounter.sty
Package: uniquecounter 2019/12/15 v1.4 Provide unlimited unique counter (HO)
)
Package uniquecounter Info: New unique counter `rerunfilecheck' on input line 2
85.
)
\Hy@SectionHShift=\skip54
)
(C:\Users\dcoly\AppData\Local\Programs\MiKTeX\tex/latex/enumitem\enumitem.sty
Package: enumitem 2025/02/06 v3.11 Customized lists
\labelindent=\skip55
\enit@outerparindent=\dimen173
\enit@toks=\toks27
\enit@inbox=\box54
\enit@count@id=\count306
\enitdp@description=\count307
)
(C:\Users\dcoly\AppData\Local\Programs\MiKTeX\tex/latex/tools\array.sty
Package: array 2024/10/17 v2.6g Tabular extension package (FMi)
\col@sep=\dimen174
\ar@mcellbox=\box55
\extrarowheight=\dimen175
\NC@list=\toks28
\extratabsurround=\skip56
\backup@length=\skip57
\ar@cellbox=\box56
)
(C:\Users\dcoly\AppData\Local\Programs\MiKTeX\tex/latex/tools\longtable.sty
Package: longtable 2024-10-27 v4.22 Multi-page Table package (DPC)
\LTleft=\skip58
\LTright=\skip59
\LTpre=\skip60
\LTpost=\skip61
\LTchunksize=\count308
\LTcapwidth=\dimen176
\LT@head=\box57
\LT@firsthead=\box58
\LT@foot=\box59
\LT@lastfoot=\box60
\LT@gbox=\box61
\LT@cols=\count309
\LT@rows=\count310
\c@LT@tables=\count311
\c@LT@chunks=\count312
\LT@p@ftn=\toks29
)
(C:\Users\dcoly\AppData\Local\Programs\MiKTeX\tex/latex/l3backend\l3backend-pdf
tex.def
File: l3backend-pdftex.def 2024-05-08 L3 backend support: PDF output (pdfTeX)
\l__color_backend_stack_int=\count313
\l__pdf_internal_box=\box62
) (IA_Retention_Final_Corrige.aux)
\openout1 = `IA_Retention_Final_Corrige.aux'.

LaTeX Font Info:    Checking defaults for OML/cmm/m/it on input line 18.
LaTeX Font Info:    ... okay on input line 18.
LaTeX Font Info:    Checking defaults for OMS/cmsy/m/n on input line 18.
LaTeX Font Info:    ... okay on input line 18.
LaTeX Font Info:    Checking defaults for OT1/cmr/m/n on input line 18.
LaTeX Font Info:    ... okay on input line 18.
LaTeX Font Info:    Checking defaults for T1/cmr/m/n on input line 18.
LaTeX Font Info:    ... okay on input line 18.
LaTeX Font Info:    Checking defaults for TS1/cmr/m/n on input line 18.
LaTeX Font Info:    ... okay on input line 18.
LaTeX Font Info:    Checking defaults for OMX/cmex/m/n on input line 18.
LaTeX Font Info:    ... okay on input line 18.
LaTeX Font Info:    Checking defaults for U/cmr/m/n on input line 18.
LaTeX Font Info:    ... okay on input line 18.
LaTeX Font Info:    Checking defaults for PD1/pdf/m/n on input line 18.
LaTeX Font Info:    ... okay on input line 18.
LaTeX Font Info:    Checking defaults for PU/pdf/m/n on input line 18.
LaTeX Font Info:    ... okay on input line 18.
LaTeX Info: Redefining \degres on input line 18.
Package french.ldf Info: Setting StandardItemizeEnv=true for
(french.ldf)             compatibility with enumitem package,
(french.ldf)             reported on input line 18.
Package french.ldf Info: Setting StandardEnumerateEnv=true for
(french.ldf)             compatibility with enumitem package,
(french.ldf)             reported on input line 18.
LaTeX Info: Redefining \up on input line 18.

*geometry* driver: auto-detecting
*geometry* detected driver: pdftex
*geometry* verbose mode - [ preamble ] result:
* driver: pdftex
* paper: <default>
* layout: <same size as paper>
* layoutoffset:(h,v)=(0.0pt,0.0pt)
* modes: 
* h-part:(L,W,R)=(71.13188pt, 472.03123pt, 71.13188pt)
* v-part:(T,H,B)=(71.13188pt, 652.70622pt, 71.13188pt)
* \paperwidth=614.295pt
* \paperheight=794.96999pt
* \textwidth=472.03123pt
* \textheight=652.70622pt
* \oddsidemargin=-1.1381pt
* \evensidemargin=-1.1381pt
* \topmargin=-38.1381pt
* \headheight=12.0pt
* \headsep=25.0pt
* \topskip=12.0pt
* \footskip=30.0pt
* \marginparwidth=44.0pt
* \marginparsep=10.0pt
* \columnsep=10.0pt
* \skip\footins=10.8pt plus 4.0pt minus 2.0pt
* \hoffset=0.0pt
* \voffset=0.0pt
* \mag=1000
* \@twocolumnfalse
* \@twosidefalse
* \@mparswitchfalse
* \@reversemarginfalse
* (1in=72.27pt=25.4mm, 1cm=28.453pt)

Package hyperref Info: Link coloring OFF on input line 18.
(IA_Retention_Final_Corrige.out) (IA_Retention_Final_Corrige.out)
\@outlinefile=\write3
\openout3 = `IA_Retention_Final_Corrige.out'.

LaTeX Font Info:    Trying to load font information for U+msa on input line 21.


(C:\Users\dcoly\AppData\Local\Programs\MiKTeX\tex/latex/amsfonts\umsa.fd
File: umsa.fd 2013/01/14 v3.01 AMS symbols A
)
LaTeX Font Info:    Trying to load font information for U+msb on input line 21.


(C:\Users\dcoly\AppData\Local\Programs\MiKTeX\tex/latex/amsfonts\umsb.fd
File: umsb.fd 2013/01/14 v3.01 AMS symbols B
)

[1

{C:/Users/dcoly/AppData/Local/MiKTeX/fonts/map/pdftex/pdftex.map}]
! Misplaced \noalign.
\hline ->\noalign 
                  {\ifnum 0=`}\fi \penalty \@M \futurelet \@let@token \LT@@h...
l.65 	\hline
            
I expect to see \noalign only after the \cr of
an alignment. Proceed, and I'll ignore this case.

! Misplaced \omit.
\multispan ->\omit 
                   \@multispan 
l.66 	\textbf
             {SOLUTION} & \textbf{OBJECTIF} & \textbf{MÃ‰THODE PRINCIPALE} &...
I expect to see \omit only after tab marks or the \cr of
an alignment. Proceed, and I'll ignore this case.

! Extra alignment tab has been changed to \cr.
<template> \endtemplate 
                        
l.66 	\textbf
             {SOLUTION} & \textbf{OBJECTIF} & \textbf{MÃ‰THODE PRINCIPALE} &...
You have given more \span or & marks than there were
in the preamble to the \halign or \valign now in progress.
So I'll assume that you meant to type \cr instead.


Underfull \hbox (badness 10000) in paragraph at lines 66--66
[]|\T1/cmr/bx/n/12 MÉTHODE
 []


Underfull \hbox (badness 10000) in paragraph at lines 66--66
[]|\T1/cmr/bx/n/12 RÉSULTATS
 []


Underfull \hbox (badness 10000) in paragraph at lines 66--66
[]|\T1/cmr/bx/n/12 LIMITES
 []


Underfull \hbox (badness 10000) in paragraph at lines 66--66
\T1/cmr/bx/n/12 IDEN-TI-
 []


Underfull \hbox (badness 10000) in paragraph at lines 67--67
[]|\T1/cmr/m/n/12 Personnalisation
 []


Underfull \hbox (badness 10000) in paragraph at lines 67--67
[]|\T1/cmr/m/n/12 Multi-armed
 []


Underfull \hbox (badness 10000) in paragraph at lines 67--67
[]|\T1/cmr/m/n/12 Complexité de
 []


Underfull \hbox (badness 10000) in paragraph at lines 67--67
\T1/cmr/m/n/12 dé-fi-ni-tion des
 []


Underfull \hbox (badness 10000) in paragraph at lines 68--68
[]|\T1/cmr/m/n/12 Apprentissage
 []


Underfull \hbox (badness 10000) in paragraph at lines 68--68
[]|\T1/cmr/m/n/12 Réduction des
 []


Underfull \hbox (badness 10000) in paragraph at lines 68--68
\T1/cmr/m/n/12 écarts ap-pre-
 []


Underfull \hbox (badness 10000) in paragraph at lines 68--68
[]|\T1/cmr/m/n/12 Infrastructure
 []


Underfull \hbox (badness 10000) in paragraph at lines 69--69
[]|\T1/cmr/m/n/12 Aide à la
 []


Underfull \hbox (badness 1466) in paragraph at lines 69--69
[]|\T1/cmr/m/n/12 K-means + ré-
 []


Overfull \hbox (3.8739pt too wide) in paragraph at lines 70--70
[]|\T1/cmr/m/n/12 ADAPTIV'MATH| 
 []


Underfull \hbox (badness 10000) in paragraph at lines 71--71
[]|\T1/cmr/m/n/12 Personnalisation
 []


Underfull \hbox (badness 10000) in paragraph at lines 71--71
[]|\T1/cmr/m/n/12 Ontologies +
 []


Underfull \hbox (badness 10000) in paragraph at lines 71--71
[]|\T1/cmr/m/n/12 Meilleure syn-
 []


Underfull \hbox (badness 10000) in paragraph at lines 71--71
[]|\T1/cmr/m/n/12 Coûts tech-
 []


Underfull \hbox (badness 10000) in paragraph at lines 72--72
[]|\T1/cmr/m/n/12 Prédiction de
 []


Underfull \hbox (badness 2512) in paragraph at lines 72--72
[]|\T1/cmr/m/n/12 C-moyenne évi-
 []


Underfull \hbox (badness 10000) in paragraph at lines 72--72
[]|\T1/cmr/m/n/12 Regroupement
 []


Underfull \hbox (badness 10000) in paragraph at lines 72--72
[]|\T1/cmr/m/n/12 Sensibilité aux
 []


Underfull \hbox (badness 10000) in paragraph at lines 73--73
[]|\T1/cmr/m/n/12 DNN KAL-
 []


Underfull \hbox (badness 10000) in paragraph at lines 73--73
[]|\T1/cmr/m/n/12 Classification
 []


Underfull \hbox (badness 3635) in paragraph at lines 73--73
[]|\T1/cmr/m/n/12 Réseaux neu-ro-
 []


Overfull \hbox (4.50726pt too wide) in paragraph at lines 73--73
[]|\T1/cmr/m/n/12 Surapprentissage,
 []


Overfull \hbox (22.8505pt too wide) in alignment at lines 63--74
 [] [] [] [] [] 
 []

[2]
! Misplaced \noalign.
\hline ->\noalign 
                  {\ifnum 0=`}\fi \penalty \@M \futurelet \@let@token \LT@@h...
l.103 	\hline
             
I expect to see \noalign only after the \cr of
an alignment. Proceed, and I'll ignore this case.

! Misplaced \omit.
\multispan ->\omit 
                   \@multispan 
l.104 	\textbf
              {SECTEUR} & \textbf{APPROCHES IA UTILISÃ‰ES} & \textbf{ADAPTAB...
I expect to see \omit only after tab marks or the \cr of
an alignment. Proceed, and I'll ignore this case.

! Extra alignment tab has been changed to \cr.
<template> \endtemplate 
                        
l.104 	\textbf
              {SECTEUR} & \textbf{APPROCHES IA UTILISÃ‰ES} & \textbf{ADAPTAB...
You have given more \span or & marks than there were
in the preamble to the \halign or \valign now in progress.
So I'll assume that you meant to type \cr instead.


Underfull \hbox (badness 6364) in paragraph at lines 104--104
[]|\T1/cmr/bx/n/12 APPROCHES IA
 []


Underfull \hbox (badness 10000) in paragraph at lines 104--104
[]|\T1/cmr/bx/n/12 ADAPTABILITÉ
 []


Underfull \hbox (badness 10000) in paragraph at lines 105--105
[]|\T1/cmr/m/n/12 Clustering, fil-trage
 []


Underfull \hbox (badness 10000) in paragraph at lines 105--105
[]|\T1/cmr/m/n/12 Recommandation de
 []


Underfull \hbox (badness 10000) in paragraph at lines 105--105
\T1/cmr/m/n/12 conte-nus, seg-men-ta-
 []


Underfull \hbox (badness 1377) in paragraph at lines 105--105
[]|\T1/cmr/m/n/12 Historique uti-li-sa-teur
 []


Underfull \hbox (badness 10000) in paragraph at lines 106--106
[]|\T1/cmr/m/n/12 Données édu-ca-tives
 []


Overfull \hbox (5.05751pt too wide) in paragraph at lines 107--107
[]|\T1/cmr/m/n/12 DIVERTISSEMENT| 
 []


Underfull \hbox (badness 10000) in paragraph at lines 107--107
[]|\T1/cmr/m/n/12 Personnalisation lu-
 []


Underfull \hbox (badness 10000) in paragraph at lines 107--107
\T1/cmr/m/n/12 dique, en-ga-ge-ment
 []


Underfull \hbox (badness 10000) in paragraph at lines 108--108
[]|\T1/cmr/m/n/12 Interprétation com-
 []


Overfull \hbox (21.83188pt too wide) in alignment at lines 101--109
 [] [] [] [] 
 []

[3] (IA_Retention_Final_Corrige.lot

[4])
\tf@lot=\write4
\openout4 = `IA_Retention_Final_Corrige.lot'.


Overfull \hbox (1.83492pt too wide) in paragraph at lines 156--157
\T1/cmtt/m/n/12 Prediction _ System _ for _ Telecommunication _ Company _ Using
 _ Random _ Forest _ and _
 []


Overfull \hbox (22.57866pt too wide) in paragraph at lines 160--161
[]\T1/cmr/m/n/12 Chaouachi, M. (2015). \T1/cmr/m/it/12 Mo-dé-li-sa-tion de l'en
-ga-ge-ment...\T1/cmr/m/n/12 . []$\T1/cmtt/m/n/12 https : / / papyrus . bib . u
montreal .
 []


Overfull \hbox (37.04335pt too wide) in paragraph at lines 161--162
[]\T1/cmr/m/n/12 Clément, B. (2018). \T1/cmr/m/it/12 Adap-tive Per-so-na-li-za-
tion...\T1/cmr/m/n/12 . []$\T1/cmtt/m/n/12 https : / / inria . hal . science / 
tel-[]01968241$[] 
 []


Overfull \hbox (38.20238pt too wide) in paragraph at lines 163--164
\T1/cmtt/m/n/12 com / 10-[]ways-[]ai-[]powered-[]fitness-[]apps-[]are-[]using-[
]gamification-[]to-[]motivate-[]users/$[] 
 []


Overfull \hbox (27.02888pt too wide) in paragraph at lines 164--165
\T1/cmtt/m/n/12 researchgate . net / publication / 369417839 _ The _ Design _ o
f _ An _ Adaptive _ E-[]learning _
 []


Overfull \hbox (24.51427pt too wide) in paragraph at lines 167--168
[]\T1/cmr/m/n/12 Lakhiani, M. (2023). \T1/cmr/m/it/12 Brea-king Down Duo-lin-go
's Growth Mo-del\T1/cmr/m/n/12 . []$\T1/cmtt/m/n/12 https : / / marishalakhiani
 .
 []


Overfull \hbox (59.39635pt too wide) in paragraph at lines 170--171
\T1/cmtt/m/n/12 / / knightcolumbia . org / content / understanding-[]social-[]m
edia-[]recommendation-[]algorithms$[] 
 []


Overfull \hbox (32.70238pt too wide) in paragraph at lines 171--172
\T1/cmtt/m/n/12 / / www . researchgate . net / publication / 382310514 _ Compar
ative _ Analysis _ of _ Machine _
 []


Overfull \hbox (38.87587pt too wide) in paragraph at lines 171--172
\T1/cmtt/m/n/12 Learning _ Models _ for _ Customer _ Churn _ Prediction _ in _ 
the _ US _ Banking _ and _ Financial _
 []



[5]
Overfull \hbox (32.46765pt too wide) in paragraph at lines 172--173
[]\T1/cmr/m/n/12 Reed, V. (2024). \T1/cmr/m/it/12 AI Ac-coun-ta-bi-lity : Who B
ears The Res-pon-si-bi-lity ? []$\T1/cmtt/m/n/12 https : / / aicompetence .
 []



[6] (IA_Retention_Final_Corrige.aux)
 ***********
LaTeX2e <2024-11-01> patch level 2
L3 programming layer <2025-01-18>
 ***********
Package rerunfilecheck Info: File `IA_Retention_Final_Corrige.out' has not chan
ged.
(rerunfilecheck)             Checksum: 64C318CC30A4CC817034D1AE15876958;3180.
 ) 
Here is how much of TeX's memory you used:
 12083 strings out of 473522
 192027 string characters out of 5714609
 617123 words of memory out of 5000000
 35125 multiletter control sequences out of 15000+600000
 573153 words of font info for 75 fonts, out of 8000000 for 9000
 1141 hyphenation exceptions out of 8191
 75i,6n,79p,522b,700s stack positions out of 10000i,1000n,20000p,200000b,200000s
 <C:\Users\dcoly\AppData\Local\MiKTeX\fonts/pk/ljfour/jknappen/ec/dpi600\ectt
1200.pk> <C:\Users\dcoly\AppData\Local\MiKTeX\fonts/pk/ljfour/jknappen/ec/dpi60
0\eccc1200.pk> <C:\Users\dcoly\AppData\Local\MiKTeX\fonts/pk/ljfour/jknappen/ec
/dpi600\ecbx1440.pk> <C:\Users\dcoly\AppData\Local\MiKTeX\fonts/pk/ljfour/jknap
pen/ec/dpi600\ecbx1200.pk> <C:\Users\dcoly\AppData\Local\MiKTeX\fonts/pk/ljfour
/jknappen/ec/dpi600\ecti1200.pk> <C:\Users\dcoly\AppData\Local\MiKTeX\fonts/pk/
ljfour/jknappen/ec/dpi600\ecrm1200.pk> <C:\Users\dcoly\AppData\Local\MiKTeX\fon
ts/pk/ljfour/jknappen/ec/dpi600\ecbx1728.pk> <C:\Users\dcoly\AppData\Local\MiKT
eX\fonts/pk/ljfour/jknappen/ec/dpi600\ecrm1440.pk> <C:\Users\dcoly\AppData\Loca
l\MiKTeX\fonts/pk/ljfour/jknappen/ec/dpi600\ecrm2074.pk>
Output written on IA_Retention_Final_Corrige.pdf (6 pages, 185398 bytes).
PDF statistics:
 626 PDF objects out of 1000 (max. 8388607)
 56 named destinations out of 1000 (max. 500000)
 145 words of extra memory for PDF output out of 10000 (max. 10000000)

